Determining if files CommonCrypto/CommonCrypto.h exist failed with the following output:
Change Dir: C:/Users/sherl/Documents/Proj/C++/ZincInstaller/build/CMakeFiles/CMakeTmp

Run Build Command(s):C:/Program Files (x86)/Microsoft Visual Studio/2019/Community/MSBuild/Current/Bin/MSBuild.exe cmTC_b1271.vcxproj /p:Configuration=Debug /p:Platform=x64 /p:VisualStudioVersion=16.0 /v:m && Microsoft (R) Build Engine version 16.7.0+b89cb5fde for .NET Framework
Copyright (C) Microsoft Corporation. All rights reserved.

  Microsoft (R) C/C++ Optimizing Compiler Version 19.27.29111 for x64
  COMMONCRYPTO_FOUND.c
  Copyright (C) Microsoft Corporation.  All rights reserved.
  cl /c /Zi /W3 /WX- /diagnostics:column /Od /Ob0 /D WIN32 /D _WINDOWS /D "CMAKE_INTDIR=\"Debug\"" /D _MBCS /Gm- /RTC1 /MDd /GS /fp:precise /Zc:wchar_t /Zc:forScope /Zc:inline /Fo"cmTC_b1271.dir\Debug\\" /Fd"cmTC_b1271.dir\Debug\vc142.pdb" /Gd /TC /errorReport:queue C:\Users\sherl\Documents\Proj\C++\ZincInstaller\build\CMakeFiles\CheckIncludeFiles\COMMONCRYPTO_FOUND.c
C:\Users\sherl\Documents\Proj\C++\ZincInstaller\build\CMakeFiles\CheckIncludeFiles\COMMONCRYPTO_FOUND.c(2,10): fatal error C1083: Cannot open include file: 'CommonCrypto/CommonCrypto.h': No such file or directory [C:\Users\sherl\Documents\Proj\C++\ZincInstaller\build\CMakeFiles\CMakeTmp\cmTC_b1271.vcxproj]


Source:
/* */
#include <CommonCrypto/CommonCrypto.h>


int main(void){return 0;}

Determining if the function _snprintf exists failed with the following output:
Change Dir: C:/Users/sherl/Documents/Proj/C++/ZincInstaller/build/CMakeFiles/CMakeTmp

Run Build Command(s):C:/Program Files (x86)/Microsoft Visual Studio/2019/Community/MSBuild/Current/Bin/MSBuild.exe cmTC_678d5.vcxproj /p:Configuration=Debug /p:Platform=x64 /p:VisualStudioVersion=16.0 /v:m && Microsoft (R) Build Engine version 16.7.0+b89cb5fde for .NET Framework
Copyright (C) Microsoft Corporation. All rights reserved.

  Microsoft (R) C/C++ Optimizing Compiler Version 19.27.29111 for x64
  CheckFunctionExists.c
  Copyright (C) Microsoft Corporation.  All rights reserved.
  cl /c /Zi /W3 /WX- /diagnostics:column /Od /Ob0 /D WIN32 /D _WINDOWS /D CHECK_FUNCTION_EXISTS=_snprintf /D "CMAKE_INTDIR=\"Debug\"" /D _MBCS /Gm- /RTC1 /MDd /GS /fp:precise /Zc:wchar_t /Zc:forScope /Zc:inline /Fo"cmTC_678d5.dir\Debug\\" /Fd"cmTC_678d5.dir\Debug\vc142.pdb" /Gd /TC /errorReport:queue "C:\Program Files\CMake\share\cmake-3.18\Modules\CheckFunctionExists.c"
CheckFunctionExists.obj : error LNK2019: unresolved external symbol _snprintf referenced in function main [C:\Users\sherl\Documents\Proj\C++\ZincInstaller\build\CMakeFiles\CMakeTmp\cmTC_678d5.vcxproj]
C:\Users\sherl\Documents\Proj\C++\ZincInstaller\build\CMakeFiles\CMakeTmp\Debug\cmTC_678d5.exe : fatal error LNK1120: 1 unresolved externals [C:\Users\sherl\Documents\Proj\C++\ZincInstaller\build\CMakeFiles\CMakeTmp\cmTC_678d5.vcxproj]



Determining if the function arc4random exists failed with the following output:
Change Dir: C:/Users/sherl/Documents/Proj/C++/ZincInstaller/build/CMakeFiles/CMakeTmp

Run Build Command(s):C:/Program Files (x86)/Microsoft Visual Studio/2019/Community/MSBuild/Current/Bin/MSBuild.exe cmTC_7d5ce.vcxproj /p:Configuration=Debug /p:Platform=x64 /p:VisualStudioVersion=16.0 /v:m && Microsoft (R) Build Engine version 16.7.0+b89cb5fde for .NET Framework
Copyright (C) Microsoft Corporation. All rights reserved.

  Microsoft (R) C/C++ Optimizing Compiler Version 19.27.29111 for x64
  CheckFunctionExists.c
  Copyright (C) Microsoft Corporation.  All rights reserved.
  cl /c /Zi /W3 /WX- /diagnostics:column /Od /Ob0 /D WIN32 /D _WINDOWS /D CHECK_FUNCTION_EXISTS=arc4random /D "CMAKE_INTDIR=\"Debug\"" /D _MBCS /Gm- /RTC1 /MDd /GS /fp:precise /Zc:wchar_t /Zc:forScope /Zc:inline /Fo"cmTC_7d5ce.dir\Debug\\" /Fd"cmTC_7d5ce.dir\Debug\vc142.pdb" /Gd /TC /errorReport:queue "C:\Program Files\CMake\share\cmake-3.18\Modules\CheckFunctionExists.c"
CheckFunctionExists.obj : error LNK2019: unresolved external symbol arc4random referenced in function main [C:\Users\sherl\Documents\Proj\C++\ZincInstaller\build\CMakeFiles\CMakeTmp\cmTC_7d5ce.vcxproj]
C:\Users\sherl\Documents\Proj\C++\ZincInstaller\build\CMakeFiles\CMakeTmp\Debug\cmTC_7d5ce.exe : fatal error LNK1120: 1 unresolved externals [C:\Users\sherl\Documents\Proj\C++\ZincInstaller\build\CMakeFiles\CMakeTmp\cmTC_7d5ce.vcxproj]



Determining if the function clonefile exists failed with the following output:
Change Dir: C:/Users/sherl/Documents/Proj/C++/ZincInstaller/build/CMakeFiles/CMakeTmp

Run Build Command(s):C:/Program Files (x86)/Microsoft Visual Studio/2019/Community/MSBuild/Current/Bin/MSBuild.exe cmTC_867b4.vcxproj /p:Configuration=Debug /p:Platform=x64 /p:VisualStudioVersion=16.0 /v:m && Microsoft (R) Build Engine version 16.7.0+b89cb5fde for .NET Framework
Copyright (C) Microsoft Corporation. All rights reserved.

  Microsoft (R) C/C++ Optimizing Compiler Version 19.27.29111 for x64
  CheckFunctionExists.c
  Copyright (C) Microsoft Corporation.  All rights reserved.
  cl /c /Zi /W3 /WX- /diagnostics:column /Od /Ob0 /D WIN32 /D _WINDOWS /D CHECK_FUNCTION_EXISTS=clonefile /D "CMAKE_INTDIR=\"Debug\"" /D _MBCS /Gm- /RTC1 /MDd /GS /fp:precise /Zc:wchar_t /Zc:forScope /Zc:inline /Fo"cmTC_867b4.dir\Debug\\" /Fd"cmTC_867b4.dir\Debug\vc142.pdb" /Gd /TC /errorReport:queue "C:\Program Files\CMake\share\cmake-3.18\Modules\CheckFunctionExists.c"
CheckFunctionExists.obj : error LNK2019: unresolved external symbol clonefile referenced in function main [C:\Users\sherl\Documents\Proj\C++\ZincInstaller\build\CMakeFiles\CMakeTmp\cmTC_867b4.vcxproj]
C:\Users\sherl\Documents\Proj\C++\ZincInstaller\build\CMakeFiles\CMakeTmp\Debug\cmTC_867b4.exe : fatal error LNK1120: 1 unresolved externals [C:\Users\sherl\Documents\Proj\C++\ZincInstaller\build\CMakeFiles\CMakeTmp\cmTC_867b4.vcxproj]



Determining if the function explicit_bzero exists failed with the following output:
Change Dir: C:/Users/sherl/Documents/Proj/C++/ZincInstaller/build/CMakeFiles/CMakeTmp

Run Build Command(s):C:/Program Files (x86)/Microsoft Visual Studio/2019/Community/MSBuild/Current/Bin/MSBuild.exe cmTC_72497.vcxproj /p:Configuration=Debug /p:Platform=x64 /p:VisualStudioVersion=16.0 /v:m && Microsoft (R) Build Engine version 16.7.0+b89cb5fde for .NET Framework
Copyright (C) Microsoft Corporation. All rights reserved.

  Microsoft (R) C/C++ Optimizing Compiler Version 19.27.29111 for x64
  CheckFunctionExists.c
  Copyright (C) Microsoft Corporation.  All rights reserved.
  cl /c /Zi /W3 /WX- /diagnostics:column /Od /Ob0 /D WIN32 /D _WINDOWS /D CHECK_FUNCTION_EXISTS=explicit_bzero /D "CMAKE_INTDIR=\"Debug\"" /D _MBCS /Gm- /RTC1 /MDd /GS /fp:precise /Zc:wchar_t /Zc:forScope /Zc:inline /Fo"cmTC_72497.dir\Debug\\" /Fd"cmTC_72497.dir\Debug\vc142.pdb" /Gd /TC /errorReport:queue "C:\Program Files\CMake\share\cmake-3.18\Modules\CheckFunctionExists.c"
CheckFunctionExists.obj : error LNK2019: unresolved external symbol explicit_bzero referenced in function main [C:\Users\sherl\Documents\Proj\C++\ZincInstaller\build\CMakeFiles\CMakeTmp\cmTC_72497.vcxproj]
C:\Users\sherl\Documents\Proj\C++\ZincInstaller\build\CMakeFiles\CMakeTmp\Debug\cmTC_72497.exe : fatal error LNK1120: 1 unresolved externals [C:\Users\sherl\Documents\Proj\C++\ZincInstaller\build\CMakeFiles\CMakeTmp\cmTC_72497.vcxproj]



Determining if the function explicit_memset exists failed with the following output:
Change Dir: C:/Users/sherl/Documents/Proj/C++/ZincInstaller/build/CMakeFiles/CMakeTmp

Run Build Command(s):C:/Program Files (x86)/Microsoft Visual Studio/2019/Community/MSBuild/Current/Bin/MSBuild.exe cmTC_90f0f.vcxproj /p:Configuration=Debug /p:Platform=x64 /p:VisualStudioVersion=16.0 /v:m && Microsoft (R) Build Engine version 16.7.0+b89cb5fde for .NET Framework
Copyright (C) Microsoft Corporation. All rights reserved.

  Microsoft (R) C/C++ Optimizing Compiler Version 19.27.29111 for x64
  CheckFunctionExists.c
  Copyright (C) Microsoft Corporation.  All rights reserved.
  cl /c /Zi /W3 /WX- /diagnostics:column /Od /Ob0 /D WIN32 /D _WINDOWS /D CHECK_FUNCTION_EXISTS=explicit_memset /D "CMAKE_INTDIR=\"Debug\"" /D _MBCS /Gm- /RTC1 /MDd /GS /fp:precise /Zc:wchar_t /Zc:forScope /Zc:inline /Fo"cmTC_90f0f.dir\Debug\\" /Fd"cmTC_90f0f.dir\Debug\vc142.pdb" /Gd /TC /errorReport:queue "C:\Program Files\CMake\share\cmake-3.18\Modules\CheckFunctionExists.c"
CheckFunctionExists.obj : error LNK2019: unresolved external symbol explicit_memset referenced in function main [C:\Users\sherl\Documents\Proj\C++\ZincInstaller\build\CMakeFiles\CMakeTmp\cmTC_90f0f.vcxproj]
C:\Users\sherl\Documents\Proj\C++\ZincInstaller\build\CMakeFiles\CMakeTmp\Debug\cmTC_90f0f.exe : fatal error LNK1120: 1 unresolved externals [C:\Users\sherl\Documents\Proj\C++\ZincInstaller\build\CMakeFiles\CMakeTmp\cmTC_90f0f.vcxproj]



Determining if the function fseeko exists failed with the following output:
Change Dir: C:/Users/sherl/Documents/Proj/C++/ZincInstaller/build/CMakeFiles/CMakeTmp

Run Build Command(s):C:/Program Files (x86)/Microsoft Visual Studio/2019/Community/MSBuild/Current/Bin/MSBuild.exe cmTC_9088c.vcxproj /p:Configuration=Debug /p:Platform=x64 /p:VisualStudioVersion=16.0 /v:m && Microsoft (R) Build Engine version 16.7.0+b89cb5fde for .NET Framework
Copyright (C) Microsoft Corporation. All rights reserved.

  Microsoft (R) C/C++ Optimizing Compiler Version 19.27.29111 for x64
  CheckFunctionExists.c
  Copyright (C) Microsoft Corporation.  All rights reserved.
  cl /c /Zi /W3 /WX- /diagnostics:column /Od /Ob0 /D WIN32 /D _WINDOWS /D CHECK_FUNCTION_EXISTS=fseeko /D "CMAKE_INTDIR=\"Debug\"" /D _MBCS /Gm- /RTC1 /MDd /GS /fp:precise /Zc:wchar_t /Zc:forScope /Zc:inline /Fo"cmTC_9088c.dir\Debug\\" /Fd"cmTC_9088c.dir\Debug\vc142.pdb" /Gd /TC /errorReport:queue "C:\Program Files\CMake\share\cmake-3.18\Modules\CheckFunctionExists.c"
CheckFunctionExists.obj : error LNK2019: unresolved external symbol fseeko referenced in function main [C:\Users\sherl\Documents\Proj\C++\ZincInstaller\build\CMakeFiles\CMakeTmp\cmTC_9088c.vcxproj]
C:\Users\sherl\Documents\Proj\C++\ZincInstaller\build\CMakeFiles\CMakeTmp\Debug\cmTC_9088c.exe : fatal error LNK1120: 1 unresolved externals [C:\Users\sherl\Documents\Proj\C++\ZincInstaller\build\CMakeFiles\CMakeTmp\cmTC_9088c.vcxproj]



Determining if the function ftello exists failed with the following output:
Change Dir: C:/Users/sherl/Documents/Proj/C++/ZincInstaller/build/CMakeFiles/CMakeTmp

Run Build Command(s):C:/Program Files (x86)/Microsoft Visual Studio/2019/Community/MSBuild/Current/Bin/MSBuild.exe cmTC_85e13.vcxproj /p:Configuration=Debug /p:Platform=x64 /p:VisualStudioVersion=16.0 /v:m && Microsoft (R) Build Engine version 16.7.0+b89cb5fde for .NET Framework
Copyright (C) Microsoft Corporation. All rights reserved.

  Microsoft (R) C/C++ Optimizing Compiler Version 19.27.29111 for x64
  CheckFunctionExists.c
  Copyright (C) Microsoft Corporation.  All rights reserved.
  cl /c /Zi /W3 /WX- /diagnostics:column /Od /Ob0 /D WIN32 /D _WINDOWS /D CHECK_FUNCTION_EXISTS=ftello /D "CMAKE_INTDIR=\"Debug\"" /D _MBCS /Gm- /RTC1 /MDd /GS /fp:precise /Zc:wchar_t /Zc:forScope /Zc:inline /Fo"cmTC_85e13.dir\Debug\\" /Fd"cmTC_85e13.dir\Debug\vc142.pdb" /Gd /TC /errorReport:queue "C:\Program Files\CMake\share\cmake-3.18\Modules\CheckFunctionExists.c"
CheckFunctionExists.obj : error LNK2019: unresolved external symbol ftello referenced in function main [C:\Users\sherl\Documents\Proj\C++\ZincInstaller\build\CMakeFiles\CMakeTmp\cmTC_85e13.vcxproj]
C:\Users\sherl\Documents\Proj\C++\ZincInstaller\build\CMakeFiles\CMakeTmp\Debug\cmTC_85e13.exe : fatal error LNK1120: 1 unresolved externals [C:\Users\sherl\Documents\Proj\C++\ZincInstaller\build\CMakeFiles\CMakeTmp\cmTC_85e13.vcxproj]



Determining if the function getprogname exists failed with the following output:
Change Dir: C:/Users/sherl/Documents/Proj/C++/ZincInstaller/build/CMakeFiles/CMakeTmp

Run Build Command(s):C:/Program Files (x86)/Microsoft Visual Studio/2019/Community/MSBuild/Current/Bin/MSBuild.exe cmTC_90e69.vcxproj /p:Configuration=Debug /p:Platform=x64 /p:VisualStudioVersion=16.0 /v:m && Microsoft (R) Build Engine version 16.7.0+b89cb5fde for .NET Framework
Copyright (C) Microsoft Corporation. All rights reserved.

  Microsoft (R) C/C++ Optimizing Compiler Version 19.27.29111 for x64
  CheckFunctionExists.c
  Copyright (C) Microsoft Corporation.  All rights reserved.
  cl /c /Zi /W3 /WX- /diagnostics:column /Od /Ob0 /D WIN32 /D _WINDOWS /D CHECK_FUNCTION_EXISTS=getprogname /D "CMAKE_INTDIR=\"Debug\"" /D _MBCS /Gm- /RTC1 /MDd /GS /fp:precise /Zc:wchar_t /Zc:forScope /Zc:inline /Fo"cmTC_90e69.dir\Debug\\" /Fd"cmTC_90e69.dir\Debug\vc142.pdb" /Gd /TC /errorReport:queue "C:\Program Files\CMake\share\cmake-3.18\Modules\CheckFunctionExists.c"
CheckFunctionExists.obj : error LNK2019: unresolved external symbol getprogname referenced in function main [C:\Users\sherl\Documents\Proj\C++\ZincInstaller\build\CMakeFiles\CMakeTmp\cmTC_90e69.vcxproj]
C:\Users\sherl\Documents\Proj\C++\ZincInstaller\build\CMakeFiles\CMakeTmp\Debug\cmTC_90e69.exe : fatal error LNK1120: 1 unresolved externals [C:\Users\sherl\Documents\Proj\C++\ZincInstaller\build\CMakeFiles\CMakeTmp\cmTC_90e69.vcxproj]



Determining if the function localtime_r exists failed with the following output:
Change Dir: C:/Users/sherl/Documents/Proj/C++/ZincInstaller/build/CMakeFiles/CMakeTmp

Run Build Command(s):C:/Program Files (x86)/Microsoft Visual Studio/2019/Community/MSBuild/Current/Bin/MSBuild.exe cmTC_f4e80.vcxproj /p:Configuration=Debug /p:Platform=x64 /p:VisualStudioVersion=16.0 /v:m && Microsoft (R) Build Engine version 16.7.0+b89cb5fde for .NET Framework
Copyright (C) Microsoft Corporation. All rights reserved.

  Microsoft (R) C/C++ Optimizing Compiler Version 19.27.29111 for x64
  CheckFunctionExists.c
  Copyright (C) Microsoft Corporation.  All rights reserved.
  cl /c /Zi /W3 /WX- /diagnostics:column /Od /Ob0 /D WIN32 /D _WINDOWS /D CHECK_FUNCTION_EXISTS=localtime_r /D "CMAKE_INTDIR=\"Debug\"" /D _MBCS /Gm- /RTC1 /MDd /GS /fp:precise /Zc:wchar_t /Zc:forScope /Zc:inline /Fo"cmTC_f4e80.dir\Debug\\" /Fd"cmTC_f4e80.dir\Debug\vc142.pdb" /Gd /TC /errorReport:queue "C:\Program Files\CMake\share\cmake-3.18\Modules\CheckFunctionExists.c"
CheckFunctionExists.obj : error LNK2019: unresolved external symbol localtime_r referenced in function main [C:\Users\sherl\Documents\Proj\C++\ZincInstaller\build\CMakeFiles\CMakeTmp\cmTC_f4e80.vcxproj]
C:\Users\sherl\Documents\Proj\C++\ZincInstaller\build\CMakeFiles\CMakeTmp\Debug\cmTC_f4e80.exe : fatal error LNK1120: 1 unresolved externals [C:\Users\sherl\Documents\Proj\C++\ZincInstaller\build\CMakeFiles\CMakeTmp\cmTC_f4e80.vcxproj]



Determining if the function snprintf exists failed with the following output:
Change Dir: C:/Users/sherl/Documents/Proj/C++/ZincInstaller/build/CMakeFiles/CMakeTmp

Run Build Command(s):C:/Program Files (x86)/Microsoft Visual Studio/2019/Community/MSBuild/Current/Bin/MSBuild.exe cmTC_99219.vcxproj /p:Configuration=Debug /p:Platform=x64 /p:VisualStudioVersion=16.0 /v:m && Microsoft (R) Build Engine version 16.7.0+b89cb5fde for .NET Framework
Copyright (C) Microsoft Corporation. All rights reserved.

  Microsoft (R) C/C++ Optimizing Compiler Version 19.27.29111 for x64
  CheckFunctionExists.c
  Copyright (C) Microsoft Corporation.  All rights reserved.
  cl /c /Zi /W3 /WX- /diagnostics:column /Od /Ob0 /D WIN32 /D _WINDOWS /D CHECK_FUNCTION_EXISTS=snprintf /D "CMAKE_INTDIR=\"Debug\"" /D _MBCS /Gm- /RTC1 /MDd /GS /fp:precise /Zc:wchar_t /Zc:forScope /Zc:inline /Fo"cmTC_99219.dir\Debug\\" /Fd"cmTC_99219.dir\Debug\vc142.pdb" /Gd /TC /errorReport:queue "C:\Program Files\CMake\share\cmake-3.18\Modules\CheckFunctionExists.c"
CheckFunctionExists.obj : error LNK2019: unresolved external symbol snprintf referenced in function main [C:\Users\sherl\Documents\Proj\C++\ZincInstaller\build\CMakeFiles\CMakeTmp\cmTC_99219.vcxproj]
C:\Users\sherl\Documents\Proj\C++\ZincInstaller\build\CMakeFiles\CMakeTmp\Debug\cmTC_99219.exe : fatal error LNK1120: 1 unresolved externals [C:\Users\sherl\Documents\Proj\C++\ZincInstaller\build\CMakeFiles\CMakeTmp\cmTC_99219.vcxproj]



Determining if the function strcasecmp exists failed with the following output:
Change Dir: C:/Users/sherl/Documents/Proj/C++/ZincInstaller/build/CMakeFiles/CMakeTmp

Run Build Command(s):C:/Program Files (x86)/Microsoft Visual Studio/2019/Community/MSBuild/Current/Bin/MSBuild.exe cmTC_97c22.vcxproj /p:Configuration=Debug /p:Platform=x64 /p:VisualStudioVersion=16.0 /v:m && Microsoft (R) Build Engine version 16.7.0+b89cb5fde for .NET Framework
Copyright (C) Microsoft Corporation. All rights reserved.

  Microsoft (R) C/C++ Optimizing Compiler Version 19.27.29111 for x64
  CheckFunctionExists.c
  Copyright (C) Microsoft Corporation.  All rights reserved.
  cl /c /Zi /W3 /WX- /diagnostics:column /Od /Ob0 /D WIN32 /D _WINDOWS /D CHECK_FUNCTION_EXISTS=strcasecmp /D "CMAKE_INTDIR=\"Debug\"" /D _MBCS /Gm- /RTC1 /MDd /GS /fp:precise /Zc:wchar_t /Zc:forScope /Zc:inline /Fo"cmTC_97c22.dir\Debug\\" /Fd"cmTC_97c22.dir\Debug\vc142.pdb" /Gd /TC /errorReport:queue "C:\Program Files\CMake\share\cmake-3.18\Modules\CheckFunctionExists.c"
CheckFunctionExists.obj : error LNK2019: unresolved external symbol strcasecmp referenced in function main [C:\Users\sherl\Documents\Proj\C++\ZincInstaller\build\CMakeFiles\CMakeTmp\cmTC_97c22.vcxproj]
C:\Users\sherl\Documents\Proj\C++\ZincInstaller\build\CMakeFiles\CMakeTmp\Debug\cmTC_97c22.exe : fatal error LNK1120: 1 unresolved externals [C:\Users\sherl\Documents\Proj\C++\ZincInstaller\build\CMakeFiles\CMakeTmp\cmTC_97c22.vcxproj]



Determining if files sys/types.h;sys/stat.h;fts.h exist failed with the following output:
Change Dir: C:/Users/sherl/Documents/Proj/C++/ZincInstaller/build/CMakeFiles/CMakeTmp

Run Build Command(s):C:/Program Files (x86)/Microsoft Visual Studio/2019/Community/MSBuild/Current/Bin/MSBuild.exe cmTC_08f50.vcxproj /p:Configuration=Debug /p:Platform=x64 /p:VisualStudioVersion=16.0 /v:m && Microsoft (R) Build Engine version 16.7.0+b89cb5fde for .NET Framework
Copyright (C) Microsoft Corporation. All rights reserved.

  Microsoft (R) C/C++ Optimizing Compiler Version 19.27.29111 for x64
  HAVE_FTS_H.c
  Copyright (C) Microsoft Corporation.  All rights reserved.
  cl /c /Zi /W3 /WX- /diagnostics:column /Od /Ob0 /D WIN32 /D _WINDOWS /D "CMAKE_INTDIR=\"Debug\"" /D _MBCS /Gm- /RTC1 /MDd /GS /fp:precise /Zc:wchar_t /Zc:forScope /Zc:inline /Fo"cmTC_08f50.dir\Debug\\" /Fd"cmTC_08f50.dir\Debug\vc142.pdb" /Gd /TC /errorReport:queue C:\Users\sherl\Documents\Proj\C++\ZincInstaller\build\CMakeFiles\CheckIncludeFiles\HAVE_FTS_H.c
C:\Users\sherl\Documents\Proj\C++\ZincInstaller\build\CMakeFiles\CheckIncludeFiles\HAVE_FTS_H.c(4,10): fatal error C1083: Cannot open include file: 'fts.h': No such file or directory [C:\Users\sherl\Documents\Proj\C++\ZincInstaller\build\CMakeFiles\CMakeTmp\cmTC_08f50.vcxproj]


Source:
/* */
#include <sys/types.h>
#include <sys/stat.h>
#include <fts.h>


int main(void){return 0;}

Determining if files strings.h exist failed with the following output:
Change Dir: C:/Users/sherl/Documents/Proj/C++/ZincInstaller/build/CMakeFiles/CMakeTmp

Run Build Command(s):C:/Program Files (x86)/Microsoft Visual Studio/2019/Community/MSBuild/Current/Bin/MSBuild.exe cmTC_a85e4.vcxproj /p:Configuration=Debug /p:Platform=x64 /p:VisualStudioVersion=16.0 /v:m && Microsoft (R) Build Engine version 16.7.0+b89cb5fde for .NET Framework
Copyright (C) Microsoft Corporation. All rights reserved.

  Microsoft (R) C/C++ Optimizing Compiler Version 19.27.29111 for x64
  HAVE_STRINGS_H.c
  Copyright (C) Microsoft Corporation.  All rights reserved.
  cl /c /Zi /W3 /WX- /diagnostics:column /Od /Ob0 /D WIN32 /D _WINDOWS /D "CMAKE_INTDIR=\"Debug\"" /D _MBCS /Gm- /RTC1 /MDd /GS /fp:precise /Zc:wchar_t /Zc:forScope /Zc:inline /Fo"cmTC_a85e4.dir\Debug\\" /Fd"cmTC_a85e4.dir\Debug\vc142.pdb" /Gd /TC /errorReport:queue C:\Users\sherl\Documents\Proj\C++\ZincInstaller\build\CMakeFiles\CheckIncludeFiles\HAVE_STRINGS_H.c
C:\Users\sherl\Documents\Proj\C++\ZincInstaller\build\CMakeFiles\CheckIncludeFiles\HAVE_STRINGS_H.c(2,10): fatal error C1083: Cannot open include file: 'strings.h': No such file or directory [C:\Users\sherl\Documents\Proj\C++\ZincInstaller\build\CMakeFiles\CMakeTmp\cmTC_a85e4.vcxproj]


Source:
/* */
#include <strings.h>


int main(void){return 0;}

Determining if files unistd.h exist failed with the following output:
Change Dir: C:/Users/sherl/Documents/Proj/C++/ZincInstaller/build/CMakeFiles/CMakeTmp

Run Build Command(s):C:/Program Files (x86)/Microsoft Visual Studio/2019/Community/MSBuild/Current/Bin/MSBuild.exe cmTC_97ac8.vcxproj /p:Configuration=Debug /p:Platform=x64 /p:VisualStudioVersion=16.0 /v:m && Microsoft (R) Build Engine version 16.7.0+b89cb5fde for .NET Framework
Copyright (C) Microsoft Corporation. All rights reserved.

  Microsoft (R) C/C++ Optimizing Compiler Version 19.27.29111 for x64
  Copyright (C) Microsoft Corporation.  All rights reserved.
  HAVE_UNISTD_H.c
  cl /c /Zi /W3 /WX- /diagnostics:column /Od /Ob0 /D WIN32 /D _WINDOWS /D "CMAKE_INTDIR=\"Debug\"" /D _MBCS /Gm- /RTC1 /MDd /GS /fp:precise /Zc:wchar_t /Zc:forScope /Zc:inline /Fo"cmTC_97ac8.dir\Debug\\" /Fd"cmTC_97ac8.dir\Debug\vc142.pdb" /Gd /TC /errorReport:queue C:\Users\sherl\Documents\Proj\C++\ZincInstaller\build\CMakeFiles\CheckIncludeFiles\HAVE_UNISTD_H.c
C:\Users\sherl\Documents\Proj\C++\ZincInstaller\build\CMakeFiles\CheckIncludeFiles\HAVE_UNISTD_H.c(2,10): fatal error C1083: Cannot open include file: 'unistd.h': No such file or directory [C:\Users\sherl\Documents\Proj\C++\ZincInstaller\build\CMakeFiles\CMakeTmp\cmTC_97ac8.vcxproj]


Source:
/* */
#include <unistd.h>


int main(void){return 0;}

Performing C SOURCE FILE Test HAVE_FICLONERANGE failed with the following output:
Change Dir: C:/Users/sherl/Documents/Proj/C++/ZincInstaller/build/CMakeFiles/CMakeTmp

Run Build Command(s):C:/Program Files (x86)/Microsoft Visual Studio/2019/Community/MSBuild/Current/Bin/MSBuild.exe cmTC_f1af4.vcxproj /p:Configuration=Debug /p:Platform=x64 /p:VisualStudioVersion=16.0 /v:m && Microsoft (R) Build Engine version 16.7.0+b89cb5fde for .NET Framework
Copyright (C) Microsoft Corporation. All rights reserved.

  Microsoft (R) C/C++ Optimizing Compiler Version 19.27.29111 for x64
  src.c
C:\Users\sherl\Documents\Proj\C++\ZincInstaller\build\CMakeFiles\CMakeTmp\src.c(1,10): fatal error C1083: Cannot open include file: 'sys/ioctl.h': No such file or directory [C:\Users\sherl\Documents\Proj\C++\ZincInstaller\build\CMakeFiles\CMakeTmp\cmTC_f1af4.vcxproj]
  Copyright (C) Microsoft Corporation.  All rights reserved.
  cl /c /Zi /W3 /WX- /diagnostics:column /Od /Ob0 /D WIN32 /D _WINDOWS /D HAVE_FICLONERANGE /D "CMAKE_INTDIR=\"Debug\"" /D _MBCS /Gm- /RTC1 /MDd /GS /fp:precise /Zc:wchar_t /Zc:forScope /Zc:inline /Fo"cmTC_f1af4.dir\Debug\\" /Fd"cmTC_f1af4.dir\Debug\vc142.pdb" /Gd /TC /errorReport:queue C:\Users\sherl\Documents\Proj\C++\ZincInstaller\build\CMakeFiles\CMakeTmp\src.c


Source file was:
#include <sys/ioctl.h>
#include <linux/fs.h>
int main(int argc, char *argv[]) { unsigned long x = FICLONERANGE; }
Performing C SOURCE FILE Test HAVE_NULLABLE failed with the following output:
Change Dir: C:/Users/sherl/Documents/Proj/C++/ZincInstaller/build/CMakeFiles/CMakeTmp

Run Build Command(s):C:/Program Files (x86)/Microsoft Visual Studio/2019/Community/MSBuild/Current/Bin/MSBuild.exe cmTC_dd3a0.vcxproj /p:Configuration=Debug /p:Platform=x64 /p:VisualStudioVersion=16.0 /v:m && Microsoft (R) Build Engine version 16.7.0+b89cb5fde for .NET Framework
Copyright (C) Microsoft Corporation. All rights reserved.

  Microsoft (R) C/C++ Optimizing Compiler Version 19.27.29111 for x64
  src.c
C:\Users\sherl\Documents\Proj\C++\ZincInstaller\build\CMakeFiles\CMakeTmp\src.c(2,26): error C2146: syntax error: missing ')' before identifier 'bar' [C:\Users\sherl\Documents\Proj\C++\ZincInstaller\build\CMakeFiles\CMakeTmp\cmTC_dd3a0.vcxproj]
C:\Users\sherl\Documents\Proj\C++\ZincInstaller\build\CMakeFiles\CMakeTmp\src.c(2,26): error C2061: syntax error: identifier 'bar' [C:\Users\sherl\Documents\Proj\C++\ZincInstaller\build\CMakeFiles\CMakeTmp\cmTC_dd3a0.vcxproj]
C:\Users\sherl\Documents\Proj\C++\ZincInstaller\build\CMakeFiles\CMakeTmp\src.c(2,26): error C2059: syntax error: ';' [C:\Users\sherl\Documents\Proj\C++\ZincInstaller\build\CMakeFiles\CMakeTmp\cmTC_dd3a0.vcxproj]
  Copyright (C) Microsoft Corporation.  All rights reserved.
  cl /c /Zi /W3 /WX- /diagnostics:column /Od /Ob0 /D WIN32 /D _WINDOWS /D HAVE_NULLABLE /D "CMAKE_INTDIR=\"Debug\"" /D _MBCS /Gm- /RTC1 /MDd /GS /fp:precise /Zc:wchar_t /Zc:forScope /Zc:inline /Fo"cmTC_dd3a0.dir\Debug\\" /Fd"cmTC_dd3a0.dir\Debug\vc142.pdb" /Gd /TC /errorReport:queue C:\Users\sherl\Documents\Proj\C++\ZincInstaller\build\CMakeFiles\CMakeTmp\src.c
C:\Users\sherl\Documents\Proj\C++\ZincInstaller\build\CMakeFiles\CMakeTmp\src.c(2,29): error C2059: syntax error: ')' [C:\Users\sherl\Documents\Proj\C++\ZincInstaller\build\CMakeFiles\CMakeTmp\cmTC_dd3a0.vcxproj]


Source file was:

int foo(char * _Nullable bar);
int main(int argc, char *argv[]) { }
